# JRE version: Java(TM) SE Runtime Environment (8.0_291-b10) (build 1.8.0_291-b10)
# Java VM: Java HotSpot(TM) 64-Bit Server VM (25.291-b10 mixed mode bsd-amd64 compressed oops)
Heap:
 PSYoungGen      total 88064K, used 14129K [0x0000000795580000, 0x00000007ba180000, 0x00000007c0000000)
  eden space 87552K, 15% used [0x0000000795580000,0x0000000796304610,0x000000079ab00000)
  from space 512K, 56% used [0x00000007ba080000,0x00000007ba0c8000,0x00000007ba100000)
  to   space 512K, 0% used [0x00000007ba100000,0x00000007ba100000,0x00000007ba180000)
 ParOldGen       total 59392K, used 24151K [0x0000000740000000, 0x0000000743a00000, 0x0000000795580000)
  object space 59392K, 40% used [0x0000000740000000,0x0000000741795f38,0x0000000743a00000)
 Metaspace       used 21761K, capacity 22636K, committed 22784K, reserved 1069056K
  class space    used 2718K, capacity 2953K, committed 3072K, reserved 1048576K
GC Heap History (10 events):
Event: 48.812 GC heap before
{Heap before GC invocations=430 (full 1):
 PSYoungGen      total 69120K, used 68864K [0x0000000795580000, 0x00000007ba180000, 0x00000007c0000000)
  eden space 68608K, 100% used [0x0000000795580000,0x0000000799880000,0x0000000799880000)
  from space 512K, 50% used [0x00000007ba100000,0x00000007ba140000,0x00000007ba180000)
  to   space 512K, 0% used [0x00000007ba080000,0x00000007ba080000,0x00000007ba100000)
 ParOldGen       total 59392K, used 23933K [0x0000000740000000, 0x0000000743a00000, 0x0000000795580000)
  object space 59392K, 40% used [0x0000000740000000,0x000000074175f4e8,0x0000000743a00000)
 Metaspace       used 21758K, capacity 22636K, committed 22784K, reserved 1069056K
  class space    used 2717K, capacity 2953K, committed 3072K, reserved 1048576K
Event: 48.814 GC heap after
Heap after GC invocations=430 (full 1):
 PSYoungGen      total 81920K, used 256K [0x0000000795580000, 0x00000007ba180000, 0x00000007c0000000)
  eden space 81408K, 0% used [0x0000000795580000,0x0000000795580000,0x000000079a500000)
  from space 512K, 50% used [0x00000007ba080000,0x00000007ba0c0000,0x00000007ba100000)
  to   space 512K, 0% used [0x00000007ba100000,0x00000007ba100000,0x00000007ba180000)
 ParOldGen       total 59392K, used 23973K [0x0000000740000000, 0x0000000743a00000, 0x0000000795580000)
  object space 59392K, 40% used [0x0000000740000000,0x00000007417694e8,0x0000000743a00000)
 Metaspace       used 21758K, capacity 22636K, committed 22784K, reserved 1069056K
  class space    used 2717K, capacity 2953K, committed 3072K, reserved 1048576K
}
Event: 48.926 GC heap before
{Heap before GC invocations=431 (full 1):
 PSYoungGen      total 81920K, used 81664K [0x0000000795580000, 0x00000007ba180000, 0x00000007c0000000)
  eden space 81408K, 100% used [0x0000000795580000,0x000000079a500000,0x000000079a500000)
  from space 512K, 50% used [0x00000007ba080000,0x00000007ba0c0000,0x00000007ba100000)
  to   space 512K, 0% used [0x00000007ba100000,0x00000007ba100000,0x00000007ba180000)
 ParOldGen       total 59392K, used 23975K [0x0000000740000000, 0x0000000743a00000, 0x0000000795580000)
  object space 59392K, 40% used [0x0000000740000000,0x0000000741769f38,0x0000000743a00000)
 Metaspace       used 21758K, capacity 22636K, committed 22784K, reserved 1069056K
  class space    used 2717K, capacity 2953K, committed 3072K, reserved 1048576K
Event: 48.927 GC heap after
Heap after GC invocations=431 (full 1):
 PSYoungGen      total 97280K, used 256K [0x0000000795580000, 0x00000007ba180000, 0x00000007c0000000)
  eden space 96768K, 0% used [0x0000000795580000,0x0000000795580000,0x000000079b400000)
  from space 512K, 50% used [0x00000007ba100000,0x00000007ba140000,0x00000007ba180000)
  to   space 512K, 0% used [0x00000007ba080000,0x00000007ba080000,0x00000007ba100000)
 ParOldGen       total 59392K, used 24007K [0x0000000740000000, 0x0000000743a00000, 0x0000000795580000)
  object space 59392K, 40% used [0x0000000740000000,0x0000000741771f38,0x0000000743a00000)
 Metaspace       used 21758K, capacity 22636K, committed 22784K, reserved 1069056K
  class space    used 2717K, capacity 2953K, committed 3072K, reserved 1048576K
}
Event: 49.055 GC heap before
{Heap before GC invocations=432 (full 1):
 PSYoungGen      total 97280K, used 97024K [0x0000000795580000, 0x00000007ba180000, 0x00000007c0000000)
  eden space 96768K, 100% used [0x0000000795580000,0x000000079b400000,0x000000079b400000)
  from space 512K, 50% used [0x00000007ba100000,0x00000007ba140000,0x00000007ba180000)
  to   space 512K, 0% used [0x00000007ba080000,0x00000007ba080000,0x00000007ba100000)
 ParOldGen       total 59392K, used 24007K [0x0000000740000000, 0x0000000743a00000, 0x0000000795580000)
  object space 59392K, 40% used [0x0000000740000000,0x0000000741771f38,0x0000000743a00000)
 Metaspace       used 21758K, capacity 22636K, committed 22784K, reserved 1069056K
  class space    used 2717K, capacity 2953K, committed 3072K, reserved 1048576K
Event: 49.056 GC heap after
Heap after GC invocations=432 (full 1):
 PSYoungGen      total 94208K, used 256K [0x0000000795580000, 0x00000007ba180000, 0x00000007c0000000)
  eden space 93696K, 0% used [0x0000000795580000,0x0000000795580000,0x000000079b100000)
  from space 512K, 50% used [0x00000007ba080000,0x00000007ba0c0000,0x00000007ba100000)
  to   space 512K, 0% used [0x00000007ba100000,0x00000007ba100000,0x00000007ba180000)
 ParOldGen       total 59392K, used 24039K [0x0000000740000000, 0x0000000743a00000, 0x0000000795580000)
  object space 59392K, 40% used [0x0000000740000000,0x0000000741779f38,0x0000000743a00000)
 Metaspace       used 21758K, capacity 22636K, committed 22784K, reserved 1069056K
  class space    used 2717K, capacity 2953K, committed 3072K, reserved 1048576K
}
Event: 49.178 GC heap before
{Heap before GC invocations=433 (full 1):
 PSYoungGen      total 94208K, used 93952K [0x0000000795580000, 0x00000007ba180000, 0x00000007c0000000)
  eden space 93696K, 100% used [0x0000000795580000,0x000000079b100000,0x000000079b100000)
  from space 512K, 50% used [0x00000007ba080000,0x00000007ba0c0000,0x00000007ba100000)
  to   space 512K, 0% used [0x00000007ba100000,0x00000007ba100000,0x00000007ba180000)
 ParOldGen       total 59392K, used 24039K [0x0000000740000000, 0x0000000743a00000, 0x0000000795580000)
  object space 59392K, 40% used [0x0000000740000000,0x0000000741779f38,0x0000000743a00000)
 Metaspace       used 21758K, capacity 22636K, committed 22784K, reserved 1069056K
  class space    used 2718K, capacity 2953K, committed 3072K, reserved 1048576K
Event: 49.179 GC heap after
Heap after GC invocations=433 (full 1):
 PSYoungGen      total 91136K, used 352K [0x0000000795580000, 0x00000007ba180000, 0x00000007c0000000)
  eden space 90624K, 0% used [0x0000000795580000,0x0000000795580000,0x000000079ae00000)
  from space 512K, 68% used [0x00000007ba100000,0x00000007ba158000,0x00000007ba180000)
  to   space 512K, 0% used [0x00000007ba080000,0x00000007ba080000,0x00000007ba100000)
 ParOldGen       total 59392K, used 24087K [0x0000000740000000, 0x0000000743a00000, 0x0000000795580000)
  object space 59392K, 40% used [0x0000000740000000,0x0000000741785f38,0x0000000743a00000)
 Metaspace       used 21758K, capacity 22636K, committed 22784K, reserved 1069056K
  class space    used 2718K, capacity 2953K, committed 3072K, reserved 1048576K
}
Event: 49.308 GC heap before
{Heap before GC invocations=434 (full 1):
 PSYoungGen      total 91136K, used 90976K [0x0000000795580000, 0x00000007ba180000, 0x00000007c0000000)
  eden space 90624K, 100% used [0x0000000795580000,0x000000079ae00000,0x000000079ae00000)
  from space 512K, 68% used [0x00000007ba100000,0x00000007ba158000,0x00000007ba180000)
  to   space 512K, 0% used [0x00000007ba080000,0x00000007ba080000,0x00000007ba100000)
 ParOldGen       total 59392K, used 24087K [0x0000000740000000, 0x0000000743a00000, 0x0000000795580000)
  object space 59392K, 40% used [0x0000000740000000,0x0000000741785f38,0x0000000743a00000)
 Metaspace       used 21761K, capacity 22636K, committed 22784K, reserved 1069056K
  class space    used 2718K, capacity 2953K, committed 3072K, reserved 1048576K
Event: 49.309 GC heap after
Heap after GC invocations=434 (full 1):
 PSYoungGen      total 88064K, used 288K [0x0000000795580000, 0x00000007ba180000, 0x00000007c0000000)
  eden space 87552K, 0% used [0x0000000795580000,0x0000000795580000,0x000000079ab00000)
  from space 512K, 56% used [0x00000007ba080000,0x00000007ba0c8000,0x00000007ba100000)
  to   space 512K, 0% used [0x00000007ba100000,0x00000007ba100000,0x00000007ba180000)
 ParOldGen       total 59392K, used 24151K [0x0000000740000000, 0x0000000743a00000, 0x0000000795580000)
  object space 59392K, 40% used [0x0000000740000000,0x0000000741795f38,0x0000000743a00000)
 Metaspace       used 21761K, capacity 22636K, committed 22784K, reserved 1069056K
  class space    used 2718K, capacity 2953K, committed 3072K, reserved 1048576K
}

