# JRE version: Java(TM) SE Runtime Environment (8.0_291-b10) (build 1.8.0_291-b10)
# Java VM: Java HotSpot(TM) 64-Bit Server VM (25.291-b10 mixed mode bsd-amd64 compressed oops)
Heap:
 PSYoungGen      total 695296K, used 30303K [0x0000000795580000, 0x00000007c0000000, 0x00000007c0000000)
  eden space 691712K, 3% used [0x0000000795580000,0x000000079705fc08,0x00000007bf900000)
  from space 3584K, 77% used [0x00000007bf900000,0x00000007bfbb8020,0x00000007bfc80000)
  to   space 3584K, 0% used [0x00000007bfc80000,0x00000007bfc80000,0x00000007c0000000)
 ParOldGen       total 81920K, used 36298K [0x0000000740000000, 0x0000000745000000, 0x0000000795580000)
  object space 81920K, 44% used [0x0000000740000000,0x0000000742372a70,0x0000000745000000)
 Metaspace       used 21767K, capacity 22620K, committed 22656K, reserved 1069056K
  class space    used 2728K, capacity 2933K, committed 2944K, reserved 1048576K
GC Heap History (10 events):
Event: 57.960 GC heap before
{Heap before GC invocations=102 (full 1):
 PSYoungGen      total 656896K, used 656384K [0x0000000795580000, 0x00000007bdb80000, 0x00000007c0000000)
  eden space 653824K, 100% used [0x0000000795580000,0x00000007bd400000,0x00000007bd400000)
  from space 3072K, 83% used [0x00000007bd880000,0x00000007bdb00020,0x00000007bdb80000)
  to   space 3072K, 0% used [0x00000007bd580000,0x00000007bd580000,0x00000007bd880000)
 ParOldGen       total 81920K, used 35834K [0x0000000740000000, 0x0000000745000000, 0x0000000795580000)
  object space 81920K, 43% used [0x0000000740000000,0x00000007422fea70,0x0000000745000000)
 Metaspace       used 21767K, capacity 22620K, committed 22656K, reserved 1069056K
  class space    used 2728K, capacity 2933K, committed 2944K, reserved 1048576K
Event: 57.964 GC heap after
Heap after GC invocations=102 (full 1):
 PSYoungGen      total 658432K, used 2752K [0x0000000795580000, 0x00000007c0000000, 0x00000007c0000000)
  eden space 655360K, 0% used [0x0000000795580000,0x0000000795580000,0x00000007bd580000)
  from space 3072K, 89% used [0x00000007bd580000,0x00000007bd830020,0x00000007bd880000)
  to   space 3584K, 0% used [0x00000007bfc80000,0x00000007bfc80000,0x00000007c0000000)
 ParOldGen       total 81920K, used 35938K [0x0000000740000000, 0x0000000745000000, 0x0000000795580000)
  object space 81920K, 43% used [0x0000000740000000,0x0000000742318a70,0x0000000745000000)
 Metaspace       used 21767K, capacity 22620K, committed 22656K, reserved 1069056K
  class space    used 2728K, capacity 2933K, committed 2944K, reserved 1048576K
}
Event: 58.771 GC heap before
{Heap before GC invocations=103 (full 1):
 PSYoungGen      total 658432K, used 658112K [0x0000000795580000, 0x00000007c0000000, 0x00000007c0000000)
  eden space 655360K, 100% used [0x0000000795580000,0x00000007bd580000,0x00000007bd580000)
  from space 3072K, 89% used [0x00000007bd580000,0x00000007bd830020,0x00000007bd880000)
  to   space 3584K, 0% used [0x00000007bfc80000,0x00000007bfc80000,0x00000007c0000000)
 ParOldGen       total 81920K, used 35938K [0x0000000740000000, 0x0000000745000000, 0x0000000795580000)
  object space 81920K, 43% used [0x0000000740000000,0x0000000742318a70,0x0000000745000000)
 Metaspace       used 21767K, capacity 22620K, committed 22656K, reserved 1069056K
  class space    used 2728K, capacity 2933K, committed 2944K, reserved 1048576K
Event: 58.774 GC heap after
Heap after GC invocations=103 (full 1):
 PSYoungGen      total 695296K, used 2912K [0x0000000795580000, 0x00000007c0000000, 0x00000007c0000000)
  eden space 691712K, 0% used [0x0000000795580000,0x0000000795580000,0x00000007bf900000)
  from space 3584K, 81% used [0x00000007bfc80000,0x00000007bff58020,0x00000007c0000000)
  to   space 3584K, 0% used [0x00000007bf900000,0x00000007bf900000,0x00000007bfc80000)
 ParOldGen       total 81920K, used 36034K [0x0000000740000000, 0x0000000745000000, 0x0000000795580000)
  object space 81920K, 43% used [0x0000000740000000,0x0000000742330a70,0x0000000745000000)
 Metaspace       used 21767K, capacity 22620K, committed 22656K, reserved 1069056K
  class space    used 2728K, capacity 2933K, committed 2944K, reserved 1048576K
}
Event: 59.484 GC heap before
{Heap before GC invocations=104 (full 1):
 PSYoungGen      total 695296K, used 694624K [0x0000000795580000, 0x00000007c0000000, 0x00000007c0000000)
  eden space 691712K, 100% used [0x0000000795580000,0x00000007bf900000,0x00000007bf900000)
  from space 3584K, 81% used [0x00000007bfc80000,0x00000007bff58020,0x00000007c0000000)
  to   space 3584K, 0% used [0x00000007bf900000,0x00000007bf900000,0x00000007bfc80000)
 ParOldGen       total 81920K, used 36034K [0x0000000740000000, 0x0000000745000000, 0x0000000795580000)
  object space 81920K, 43% used [0x0000000740000000,0x0000000742330a70,0x0000000745000000)
 Metaspace       used 21767K, capacity 22620K, committed 22656K, reserved 1069056K
  class space    used 2728K, capacity 2933K, committed 2944K, reserved 1048576K
Event: 59.488 GC heap after
Heap after GC invocations=104 (full 1):
 PSYoungGen      total 695296K, used 2848K [0x0000000795580000, 0x00000007c0000000, 0x00000007c0000000)
  eden space 691712K, 0% used [0x0000000795580000,0x0000000795580000,0x00000007bf900000)
  from space 3584K, 79% used [0x00000007bf900000,0x00000007bfbc8020,0x00000007bfc80000)
  to   space 3584K, 0% used [0x00000007bfc80000,0x00000007bfc80000,0x00000007c0000000)
 ParOldGen       total 81920K, used 36122K [0x0000000740000000, 0x0000000745000000, 0x0000000795580000)
  object space 81920K, 44% used [0x0000000740000000,0x0000000742346a70,0x0000000745000000)
 Metaspace       used 21767K, capacity 22620K, committed 22656K, reserved 1069056K
  class space    used 2728K, capacity 2933K, committed 2944K, reserved 1048576K
}
Event: 60.183 GC heap before
{Heap before GC invocations=105 (full 1):
 PSYoungGen      total 695296K, used 694560K [0x0000000795580000, 0x00000007c0000000, 0x00000007c0000000)
  eden space 691712K, 100% used [0x0000000795580000,0x00000007bf900000,0x00000007bf900000)
  from space 3584K, 79% used [0x00000007bf900000,0x00000007bfbc8020,0x00000007bfc80000)
  to   space 3584K, 0% used [0x00000007bfc80000,0x00000007bfc80000,0x00000007c0000000)
 ParOldGen       total 81920K, used 36122K [0x0000000740000000, 0x0000000745000000, 0x0000000795580000)
  object space 81920K, 44% used [0x0000000740000000,0x0000000742346a70,0x0000000745000000)
 Metaspace       used 21767K, capacity 22620K, committed 22656K, reserved 1069056K
  class space    used 2728K, capacity 2933K, committed 2944K, reserved 1048576K
Event: 60.186 GC heap after
Heap after GC invocations=105 (full 1):
 PSYoungGen      total 695296K, used 2848K [0x0000000795580000, 0x00000007c0000000, 0x00000007c0000000)
  eden space 691712K, 0% used [0x0000000795580000,0x0000000795580000,0x00000007bf900000)
  from space 3584K, 79% used [0x00000007bfc80000,0x00000007bff48020,0x00000007c0000000)
  to   space 3584K, 0% used [0x00000007bf900000,0x00000007bf900000,0x00000007bfc80000)
 ParOldGen       total 81920K, used 36210K [0x0000000740000000, 0x0000000745000000, 0x0000000795580000)
  object space 81920K, 44% used [0x0000000740000000,0x000000074235ca70,0x0000000745000000)
 Metaspace       used 21767K, capacity 22620K, committed 22656K, reserved 1069056K
  class space    used 2728K, capacity 2933K, committed 2944K, reserved 1048576K
}
Event: 60.833 GC heap before
{Heap before GC invocations=106 (full 1):
 PSYoungGen      total 695296K, used 694560K [0x0000000795580000, 0x00000007c0000000, 0x00000007c0000000)
  eden space 691712K, 100% used [0x0000000795580000,0x00000007bf900000,0x00000007bf900000)
  from space 3584K, 79% used [0x00000007bfc80000,0x00000007bff48020,0x00000007c0000000)
  to   space 3584K, 0% used [0x00000007bf900000,0x00000007bf900000,0x00000007bfc80000)
 ParOldGen       total 81920K, used 36210K [0x0000000740000000, 0x0000000745000000, 0x0000000795580000)
  object space 81920K, 44% used [0x0000000740000000,0x000000074235ca70,0x0000000745000000)
 Metaspace       used 21767K, capacity 22620K, committed 22656K, reserved 1069056K
  class space    used 2728K, capacity 2933K, committed 2944K, reserved 1048576K
Event: 60.836 GC heap after
Heap after GC invocations=106 (full 1):
 PSYoungGen      total 695296K, used 2784K [0x0000000795580000, 0x00000007c0000000, 0x00000007c0000000)
  eden space 691712K, 0% used [0x0000000795580000,0x0000000795580000,0x00000007bf900000)
  from space 3584K, 77% used [0x00000007bf900000,0x00000007bfbb8020,0x00000007bfc80000)
  to   space 3584K, 0% used [0x00000007bfc80000,0x00000007bfc80000,0x00000007c0000000)
 ParOldGen       total 81920K, used 36298K [0x0000000740000000, 0x0000000745000000, 0x0000000795580000)
  object space 81920K, 44% used [0x0000000740000000,0x0000000742372a70,0x0000000745000000)
 Metaspace       used 21767K, capacity 22620K, committed 22656K, reserved 1069056K
  class space    used 2728K, capacity 2933K, committed 2944K, reserved 1048576K
}

